<?xml version="1.0" encoding="UTF-8"?>
<!-- Generated by org.testng.reporters.JUnitXMLReporter -->
<testsuite ignored="21" hostname="DESKTOP-1FJC9IP" failures="1" tests="1" name="Default test" time="4.915" errors="0" timestamp="2022-08-18T16:54:55 IST">
  <testcase classname="com.Bridgelabz.qa.api.automation.RestAssured_Spotify_API_AUtomation" name="Get_Users_Top_Items" time="4.829">
    <failure type="java.lang.AssertionError" message="1 expectation failed.
Expected status code &amp;lt;200&amp;gt; but was &amp;lt;404&amp;gt;.
">
      <![CDATA[java.lang.AssertionError: 1 expectation failed.
Expected status code <200> but was <404>.

at java.base/jdk.internal.reflect.NativeConstructorAccessorImpl.newInstance0(Native Method)
at java.base/jdk.internal.reflect.NativeConstructorAccessorImpl.newInstance(NativeConstructorAccessorImpl.java:77)
at java.base/jdk.internal.reflect.DelegatingConstructorAccessorImpl.newInstance(DelegatingConstructorAccessorImpl.java:45)
at java.base/java.lang.reflect.Constructor.newInstanceWithCaller(Constructor.java:499)
at java.base/java.lang.reflect.Constructor.newInstance(Constructor.java:480)
at org.codehaus.groovy.reflection.CachedConstructor.invoke(CachedConstructor.java:72)
at org.codehaus.groovy.runtime.callsite.ConstructorSite$ConstructorSiteNoUnwrapNoCoerce.callConstructor(ConstructorSite.java:105)
at org.codehaus.groovy.runtime.callsite.CallSiteArray.defaultCallConstructor(CallSiteArray.java:59)
at org.codehaus.groovy.runtime.callsite.AbstractCallSite.callConstructor(AbstractCallSite.java:263)
at org.codehaus.groovy.runtime.callsite.AbstractCallSite.callConstructor(AbstractCallSite.java:277)
at io.restassured.internal.ResponseSpecificationImpl$HamcrestAssertionClosure.validate(ResponseSpecificationImpl.groovy:493)
at io.restassured.internal.ResponseSpecificationImpl$HamcrestAssertionClosure$validate$1.call(Unknown Source)
at org.codehaus.groovy.runtime.callsite.CallSiteArray.defaultCall(CallSiteArray.java:47)
at org.codehaus.groovy.runtime.callsite.AbstractCallSite.call(AbstractCallSite.java:125)
at org.codehaus.groovy.runtime.callsite.AbstractCallSite.call(AbstractCallSite.java:139)
at io.restassured.internal.ResponseSpecificationImpl.validateResponseIfRequired(ResponseSpecificationImpl.groovy:674)
at java.base/jdk.internal.reflect.NativeMethodAccessorImpl.invoke0(Native Method)
at java.base/jdk.internal.reflect.NativeMethodAccessorImpl.invoke(NativeMethodAccessorImpl.java:77)
at java.base/jdk.internal.reflect.DelegatingMethodAccessorImpl.invoke(DelegatingMethodAccessorImpl.java:43)
at java.base/java.lang.reflect.Method.invoke(Method.java:568)
at org.codehaus.groovy.runtime.callsite.PlainObjectMetaMethodSite.doInvoke(PlainObjectMetaMethodSite.java:43)
at org.codehaus.groovy.runtime.callsite.PogoMetaMethodSite$PogoCachedMethodSiteNoUnwrapNoCoerce.invoke(PogoMetaMethodSite.java:193)
at org.codehaus.groovy.runtime.callsite.PogoMetaMethodSite.callCurrent(PogoMetaMethodSite.java:61)
at org.codehaus.groovy.runtime.callsite.CallSiteArray.defaultCallCurrent(CallSiteArray.java:51)
at org.codehaus.groovy.runtime.callsite.AbstractCallSite.callCurrent(AbstractCallSite.java:171)
at org.codehaus.groovy.runtime.callsite.AbstractCallSite.callCurrent(AbstractCallSite.java:185)
at io.restassured.internal.ResponseSpecificationImpl.statusCode(ResponseSpecificationImpl.groovy:126)
at io.restassured.specification.ResponseSpecification$statusCode$0.callCurrent(Unknown Source)
at org.codehaus.groovy.runtime.callsite.CallSiteArray.defaultCallCurrent(CallSiteArray.java:51)
at org.codehaus.groovy.runtime.callsite.AbstractCallSite.callCurrent(AbstractCallSite.java:171)
at org.codehaus.groovy.runtime.callsite.AbstractCallSite.callCurrent(AbstractCallSite.java:185)
at io.restassured.internal.ResponseSpecificationImpl.statusCode(ResponseSpecificationImpl.groovy:134)
at io.restassured.internal.ValidatableResponseOptionsImpl.statusCode(ValidatableResponseOptionsImpl.java:89)
at io.restassured.internal.ValidatableResponseImpl.super$2$statusCode(ValidatableResponseImpl.groovy)
at java.base/jdk.internal.reflect.NativeMethodAccessorImpl.invoke0(Native Method)
at java.base/jdk.internal.reflect.NativeMethodAccessorImpl.invoke(NativeMethodAccessorImpl.java:77)
at java.base/jdk.internal.reflect.DelegatingMethodAccessorImpl.invoke(DelegatingMethodAccessorImpl.java:43)
at java.base/java.lang.reflect.Method.invoke(Method.java:568)
at org.codehaus.groovy.reflection.CachedMethod.invoke(CachedMethod.java:107)
at groovy.lang.MetaMethod.doMethodInvoke(MetaMethod.java:323)
at groovy.lang.MetaClassImpl.invokeMethod(MetaClassImpl.java:1268)
at org.codehaus.groovy.runtime.ScriptBytecodeAdapter.invokeMethodOnSuperN(ScriptBytecodeAdapter.java:144)
at io.restassured.internal.ValidatableResponseImpl.statusCode(ValidatableResponseImpl.groovy:142)
at io.restassured.internal.ValidatableResponseImpl.statusCode(ValidatableResponseImpl.groovy)
at com.Bridgelabz.qa.api.automation.RestAssured_Spotify_API_AUtomation.Get_Users_Top_Items(RestAssured_Spotify_API_AUtomation.java:553)
at java.base/jdk.internal.reflect.NativeMethodAccessorImpl.invoke0(Native Method)
at java.base/jdk.internal.reflect.NativeMethodAccessorImpl.invoke(NativeMethodAccessorImpl.java:77)
at java.base/jdk.internal.reflect.DelegatingMethodAccessorImpl.invoke(DelegatingMethodAccessorImpl.java:43)
at java.base/java.lang.reflect.Method.invoke(Method.java:568)
at org.testng.internal.MethodInvocationHelper.invokeMethod(MethodInvocationHelper.java:133)
at org.testng.internal.TestInvoker.invokeMethod(TestInvoker.java:598)
at org.testng.internal.TestInvoker.invokeTestMethod(TestInvoker.java:173)
at org.testng.internal.MethodRunner.runInSequence(MethodRunner.java:46)
at org.testng.internal.TestInvoker$MethodInvocationAgent.invoke(TestInvoker.java:824)
at org.testng.internal.TestInvoker.invokeTestMethods(TestInvoker.java:146)
at org.testng.internal.TestMethodWorker.invokeTestMethods(TestMethodWorker.java:146)
at org.testng.internal.TestMethodWorker.run(TestMethodWorker.java:128)
at java.base/java.util.ArrayList.forEach(ArrayList.java:1511)
at org.testng.TestRunner.privateRun(TestRunner.java:794)
at org.testng.TestRunner.run(TestRunner.java:596)
at org.testng.SuiteRunner.runTest(SuiteRunner.java:377)
at org.testng.SuiteRunner.runSequentially(SuiteRunner.java:371)
at org.testng.SuiteRunner.privateRun(SuiteRunner.java:332)
at org.testng.SuiteRunner.run(SuiteRunner.java:276)
at org.testng.SuiteRunnerWorker.runSuite(SuiteRunnerWorker.java:53)
at org.testng.SuiteRunnerWorker.run(SuiteRunnerWorker.java:96)
at org.testng.TestNG.runSuitesSequentially(TestNG.java:1212)
at org.testng.TestNG.runSuitesLocally(TestNG.java:1134)
at org.testng.TestNG.runSuites(TestNG.java:1063)
at org.testng.TestNG.run(TestNG.java:1031)
at org.testng.remote.AbstractRemoteTestNG.run(AbstractRemoteTestNG.java:115)
at org.testng.remote.RemoteTestNG.initAndRun(RemoteTestNG.java:251)
at org.testng.remote.RemoteTestNG.main(RemoteTestNG.java:77)
]]>
    </failure>
  </testcase> <!-- Get_Users_Top_Items -->
  <testcase classname="com.Bridgelabz.qa.api.automation.RestAssured_Spotify_API_AUtomation" name="Get_Track" time="0.0">
    <ignored/>
  </testcase> <!-- Get_Track -->
  <testcase classname="com.Bridgelabz.qa.api.automation.RestAssured_Spotify_API_AUtomation" name="Add_Items_to_Playlist" time="0.0">
    <ignored/>
  </testcase> <!-- Add_Items_to_Playlist -->
  <testcase classname="com.Bridgelabz.qa.api.automation.RestAssured_Spotify_API_AUtomation" name="Change_Playlist_Details" time="0.0">
    <ignored/>
  </testcase> <!-- Change_Playlist_Details -->
  <testcase classname="com.Bridgelabz.qa.api.automation.RestAssured_Spotify_API_AUtomation" name="Get_Playlist" time="0.0">
    <ignored/>
  </testcase> <!-- Get_Playlist -->
  <testcase classname="com.Bridgelabz.qa.api.automation.RestAssured_Spotify_API_AUtomation" name="Get_Users_Profile" time="0.0">
    <ignored/>
  </testcase> <!-- Get_Users_Profile -->
  <testcase classname="com.Bridgelabz.qa.api.automation.RestAssured_Spotify_API_AUtomation" name="GetSeveral_Shows" time="0.0">
    <ignored/>
  </testcase> <!-- GetSeveral_Shows -->
  <testcase classname="com.Bridgelabz.qa.api.automation.RestAssured_Spotify_API_AUtomation" name="Get_Available_Markets" time="0.0">
    <ignored/>
  </testcase> <!-- Get_Available_Markets -->
  <testcase classname="com.Bridgelabz.qa.api.automation.RestAssured_Spotify_API_AUtomation" name="Get__Playlist_Items" time="0.0">
    <ignored/>
  </testcase> <!-- Get__Playlist_Items -->
  <testcase classname="com.Bridgelabz.qa.api.automation.RestAssured_Spotify_API_AUtomation" name="Get_Several_Tracks" time="0.0">
    <ignored/>
  </testcase> <!-- Get_Several_Tracks -->
  <testcase classname="com.Bridgelabz.qa.api.automation.RestAssured_Spotify_API_AUtomation" name="Get_Tracks_Audio_Features" time="0.0">
    <ignored/>
  </testcase> <!-- Get_Tracks_Audio_Features -->
  <testcase classname="com.Bridgelabz.qa.api.automation.RestAssured_Spotify_API_AUtomation" name="Create_Playlist" time="0.0">
    <ignored/>
  </testcase> <!-- Create_Playlist -->
  <testcase classname="com.Bridgelabz.qa.api.automation.RestAssured_Spotify_API_AUtomation" name="Get_Playlist_Cover_Image" time="0.0">
    <ignored/>
  </testcase> <!-- Get_Playlist_Cover_Image -->
  <testcase classname="com.Bridgelabz.qa.api.automation.RestAssured_Spotify_API_AUtomation" name="Search_for_Item" time="0.0">
    <ignored/>
  </testcase> <!-- Search_for_Item -->
  <testcase classname="com.Bridgelabz.qa.api.automation.RestAssured_Spotify_API_AUtomation" name="Get_Tracks_Audio_Analysis" time="0.0">
    <ignored/>
  </testcase> <!-- Get_Tracks_Audio_Analysis -->
  <testcase classname="com.Bridgelabz.qa.api.automation.RestAssured_Spotify_API_AUtomation" name="Get_Current_Users_Playlists" time="0.0">
    <ignored/>
  </testcase> <!-- Get_Current_Users_Playlists -->
  <testcase classname="com.Bridgelabz.qa.api.automation.RestAssured_Spotify_API_AUtomation" name="Get_Trackss_Audio_Features" time="0.0">
    <ignored/>
  </testcase> <!-- Get_Trackss_Audio_Features -->
  <testcase classname="com.Bridgelabz.qa.api.automation.RestAssured_Spotify_API_AUtomation" name="Get_Shows" time="0.0">
    <ignored/>
  </testcase> <!-- Get_Shows -->
  <testcase classname="com.Bridgelabz.qa.api.automation.RestAssured_Spotify_API_AUtomation" name="Get_Current_Users_Profile" time="0.0">
    <ignored/>
  </testcase> <!-- Get_Current_Users_Profile -->
  <testcase classname="com.Bridgelabz.qa.api.automation.RestAssured_Spotify_API_AUtomation" name="Remove_Playlist_Items" time="0.0">
    <ignored/>
  </testcase> <!-- Remove_Playlist_Items -->
  <testcase classname="com.Bridgelabz.qa.api.automation.RestAssured_Spotify_API_AUtomation" name="Get_Users_Playlists" time="0.0">
    <ignored/>
  </testcase> <!-- Get_Users_Playlists -->
  <testcase classname="com.Bridgelabz.qa.api.automation.RestAssured_Spotify_API_AUtomation" name="Get_Several_Shows" time="0.0">
    <ignored/>
  </testcase> <!-- Get_Several_Shows -->
</testsuite> <!-- Default test -->
