<?xml version="1.0" encoding="UTF-8"?>
<testng-results ignored="17" total="18" passed="1" failed="0" skipped="0">
  <reporter-output>
  </reporter-output>
  <suite started-at="2022-08-08T23:50:07 IST" name="Default suite" finished-at="2022-08-08T23:50:10 IST" duration-ms="3800">
    <groups>
    </groups>
    <test started-at="2022-08-08T23:50:07 IST" name="Default test" finished-at="2022-08-08T23:50:10 IST" duration-ms="3800">
      <class name="com.Bridgelabz.qa.api.automation.RestAssured_Spotify_API_AUtomation">
        <test-method is-config="true" signature="getToken()[pri:0, instance:com.Bridgelabz.qa.api.automation.RestAssured_Spotify_API_AUtomation@5a63f509]" started-at="2022-08-08T23:50:07 IST" name="getToken" finished-at="2022-08-08T23:50:07 IST" duration-ms="12" status="PASS">
          <reporter-output>
          </reporter-output>
        </test-method> <!-- getToken -->
        <test-method signature="Get_Tracks_Audio_Features()[pri:13, instance:com.Bridgelabz.qa.api.automation.RestAssured_Spotify_API_AUtomation@5a63f509]" started-at="2022-08-08T23:50:07 IST" name="Get_Tracks_Audio_Features" finished-at="2022-08-08T23:50:10 IST" duration-ms="3726" status="PASS">
          <reporter-output>
          </reporter-output>
        </test-method> <!-- Get_Tracks_Audio_Features -->
      </class> <!-- com.Bridgelabz.qa.api.automation.RestAssured_Spotify_API_AUtomation -->
    </test> <!-- Default test -->
  </suite> <!-- Default suite -->
</testng-results>
